perl: warning: Setting locale failed.
perl: warning: Please check that your locale settings:
	LC_ALL = (unset),
	LC_CTYPE = "UTF-8",
	LANG = "en_US.utf8"
    are supported and installed on your system.
perl: warning: Falling back to the standard locale ("C").
Rc files read:
  NONE
Latexmk: This is Latexmk, John Collins, 17 Mar. 2022. Version 4.77, version: 4.77.
Latexmk: applying rule 'xelatex'...
Rule 'xelatex': File changes, etc:
   Changed files, or newly in use since previous run(s):
  WaldenEtAl_2024.tex
Rule 'xelatex': The following rules & subrules became out-of-date:
  xelatex
------------
Run number 1 of rule 'xelatex'
------------
------------
Running 'xelatex -no-pdf -synctex=1 -interaction=batchmode -file-line-error -shell-escape -recorder  "WaldenEtAl_2024.tex"'
------------
This is XeTeX, Version 3.141592653-2.6-0.999994 (TeX Live 2022) (preloaded format=xelatex)
 \write18 enabled.
entering extended mode

SyncTeX written on WaldenEtAl_2024.synctex.gz.Latexmk: Getting log file 'WaldenEtAl_2024.log'
Latexmk: Examining 'WaldenEtAl_2024.fls'
Latexmk: Examining 'WaldenEtAl_2024.log'
Latexmk: References changed.
Latexmk: References changed.
Latexmk: Log file says output to 'WaldenEtAl_2024.xdv'
Latexmk: applying rule 'xelatex'...
Rule 'xelatex': File changes, etc:
   Changed files, or newly in use since previous run(s):
  WaldenEtAl_2024.aux
Rule 'xelatex': The following rules & subrules became out-of-date:
  xelatex
------------
Run number 2 of rule 'xelatex'
------------
------------
Running 'xelatex -no-pdf -synctex=1 -interaction=batchmode -file-line-error -shell-escape -recorder  "WaldenEtAl_2024.tex"'
------------
This is XeTeX, Version 3.141592653-2.6-0.999994 (TeX Live 2022) (preloaded format=xelatex)
 \write18 enabled.
entering extended mode

SyncTeX written on WaldenEtAl_2024.synctex.gz.Latexmk: Getting log file 'WaldenEtAl_2024.log'
Latexmk: Examining 'WaldenEtAl_2024.fls'
Latexmk: Examining 'WaldenEtAl_2024.log'
Latexmk: Log file says output to 'WaldenEtAl_2024.xdv'
Latexmk: applying rule 'xdvipdfmx'...
Rule 'xdvipdfmx': File changes, etc:
   Changed files, or newly in use since previous run(s):
  WaldenEtAl_2024.xdv
   Rule(s) that have been run and require run of dependent rule:
      'xelatex' which requires run of 'xdvipdfmx'
Rule 'xdvipdfmx': The following rules & subrules became out-of-date:
  xdvipdfmx
------------
Run number 1 of rule 'xdvipdfmx'
------------
------------
Running 'xdvipdfmx -E -o "WaldenEtAl_2024.pdf"  "WaldenEtAl_2024.xdv"'
------------
WaldenEtAl_2024.xdv -> WaldenEtAl_2024.pdf
[1][2]
31459 bytes written
Latexmk: All targets (WaldenEtAl_2024.xdv WaldenEtAl_2024.pdf) are up-to-date
